<?xml version="1.0" encoding="UTF-8"?>
<testsuite name="CarTest" tests="4" skipped="0" failures="0" errors="0" timestamp="2021-11-22T08:11:44" hostname="an-yeong-yun-ui-MacBookAir.local" time="0.094">
  <properties/>
  <testcase name="[1] 0, 0" classname="CarTest" time="0.061"/>
  <testcase name="[2] 3, 0" classname="CarTest" time="0.002"/>
  <testcase name="[3] 4, 1" classname="CarTest" time="0.007"/>
  <testcase name="[4] 5, 1" classname="CarTest" time="0.004"/>
  <system-out><![CDATA[]]></system-out>
  <system-err><![CDATA[]]></system-err>
</testsuite>
