<?xml version="1.0" encoding="UTF-8"?>
<testsuite name="racingCar.CarTest" tests="6" skipped="0" failures="0" errors="0" timestamp="2021-11-23T07:38:07" hostname="an-yeong-yun-ui-MacBookAir.local" time="0.217">
  <properties/>
  <testcase name="자동차 정보 문자열 반환 테스트" classname="racingCar.CarTest" time="0.102"/>
  <testcase name="이름 5글자 초과시 예외발생 테스트" classname="racingCar.CarTest" time="0.008"/>
  <testcase name="[1] 0, 0" classname="racingCar.CarTest" time="0.027"/>
  <testcase name="[2] 3, 0" classname="racingCar.CarTest" time="0.003"/>
  <testcase name="[3] 4, 1" classname="racingCar.CarTest" time="0.001"/>
  <testcase name="[4] 5, 1" classname="racingCar.CarTest" time="0.002"/>
  <system-out><![CDATA[]]></system-out>
  <system-err><![CDATA[]]></system-err>
</testsuite>
