<?xml version="1.0" encoding="UTF-8"?>
<testsuite name="racingCar.domain.CarTest" tests="6" skipped="0" failures="0" errors="0" timestamp="2021-11-23T09:54:41" hostname="an-yeong-yun-ui-MacBookAir.local" time="0.203">
  <properties/>
  <testcase name="자동차 정보 문자열 반환 테스트" classname="racingCar.domain.CarTest" time="0.091"/>
  <testcase name="이름 5글자 초과시 예외발생 테스트" classname="racingCar.domain.CarTest" time="0.006"/>
  <testcase name="[1] 0, 0" classname="racingCar.domain.CarTest" time="0.022"/>
  <testcase name="[2] 3, 0" classname="racingCar.domain.CarTest" time="0.004"/>
  <testcase name="[3] 4, 1" classname="racingCar.domain.CarTest" time="0.001"/>
  <testcase name="[4] 5, 1" classname="racingCar.domain.CarTest" time="0.003"/>
  <system-out><![CDATA[]]></system-out>
  <system-err><![CDATA[]]></system-err>
</testsuite>
