<?xml version="1.0" encoding="UTF-8"?>
<testsuite name="CarsTest" tests="1" skipped="0" failures="0" errors="0" timestamp="2021-11-22T11:06:39" hostname="an-yeong-yun-ui-MacBookAir.local" time="0.091">
  <properties/>
  <testcase name="자동차 정보 문자열로 반환 테스트" classname="CarsTest" time="0.091"/>
  <system-out><![CDATA[]]></system-out>
  <system-err><![CDATA[]]></system-err>
</testsuite>
