<?xml version="1.0" encoding="UTF-8"?>
<testsuite name="baseball.NosTest" tests="4" skipped="0" failures="0" errors="0" timestamp="2021-11-21T11:28:25" hostname="an-yeong-yun-ui-MacBookAir.local" time="0.132">
  <properties/>
  <testcase name="1볼 테스트" classname="baseball.NosTest" time="0.117"/>
  <testcase name="1스트라이크 테스트" classname="baseball.NosTest" time="0.002"/>
  <testcase name="낫싱 테스트" classname="baseball.NosTest" time="0.002"/>
  <testcase name="1스트라이크 1볼 테스트" classname="baseball.NosTest" time="0.003"/>
  <system-out><![CDATA[1볼 
1스트라이크 
낫싱
1스트라이크 1볼 
]]></system-out>
  <system-err><![CDATA[]]></system-err>
</testsuite>
