<?xml version="1.0" encoding="UTF-8"?>
<testsuite name="ValidationUtilTest" tests="1" skipped="0" failures="0" errors="0" timestamp="2021-11-17T06:24:48" hostname="an-yeong-yun-ui-MacBookAir.local" time="0.068">
  <properties/>
  <testcase name="[1] 1+1/0,2*3/0" classname="ValidationUtilTest" time="0.068"/>
  <system-out><![CDATA[]]></system-out>
  <system-err><![CDATA[]]></system-err>
</testsuite>
