<?xml version="1.0" encoding="UTF-8"?>
<testsuite name="coordinateCalculator.domain.TriangleTest" tests="4" skipped="0" failures="0" errors="0" timestamp="2021-12-28T12:57:02" hostname="an-yeong-yun-ui-MacBookAir.local" time="0.009">
  <properties/>
  <testcase name="삼각형 점 갯수가 2개 일 경우 예외발생" classname="coordinateCalculator.domain.TriangleTest" time="0.003"/>
  <testcase name="삼각형 면적 구하기" classname="coordinateCalculator.domain.TriangleTest" time="0.0"/>
  <testcase name="삼각형의 점들이 한 선에 있을 경우 예외 발생" classname="coordinateCalculator.domain.TriangleTest" time="0.002"/>
  <testcase name="삼각형 점 갯수가 4개 일 경우 예외발생" classname="coordinateCalculator.domain.TriangleTest" time="0.001"/>
  <system-out><![CDATA[]]></system-out>
  <system-err><![CDATA[]]></system-err>
</testsuite>
