<?xml version="1.0" encoding="UTF-8"?>
<testsuite name="coordinateCalculator.domain.PointTest" tests="1" skipped="0" failures="0" errors="0" timestamp="2021-12-26T07:27:21" hostname="an-yeong-yun-ui-MacBookAir.local" time="0.052">
  <properties/>
  <testcase name="두 점 사이 거리 구하기" classname="coordinateCalculator.domain.PointTest" time="0.052"/>
  <system-out><![CDATA[]]></system-out>
  <system-err><![CDATA[]]></system-err>
</testsuite>
