<?xml version="1.0" encoding="UTF-8"?>
<testsuite name="coordinateCalculator.domain.RectangleTest" tests="3" skipped="0" failures="0" errors="0" timestamp="2021-12-22T04:30:34" hostname="an-yeong-yun-ui-MacBookAir.local" time="0.193">
  <properties/>
  <testcase name="네 개의 좌표 연결 모양이 직사각형인 경우" classname="coordinateCalculator.domain.RectangleTest" time="0.075"/>
  <testcase name="[1] (11,10)-(22,10)-(22,18)-(10,18)" classname="coordinateCalculator.domain.RectangleTest" time="0.073"/>
  <testcase name="[2] (8,10)-(20,10)-(22,18)-(10,18)" classname="coordinateCalculator.domain.RectangleTest" time="0.004"/>
  <system-out><![CDATA[]]></system-out>
  <system-err><![CDATA[]]></system-err>
</testsuite>
