<?xml version="1.0" encoding="UTF-8"?>
<testsuite name="coordinateCalculator.domain.RectangleTest" tests="4" skipped="0" failures="0" errors="0" timestamp="2021-12-22T08:17:14" hostname="an-yeong-yun-ui-MacBookAir.local" time="0.013">
  <properties/>
  <testcase name="사각형의 넓이 구하기" classname="coordinateCalculator.domain.RectangleTest" time="0.001"/>
  <testcase name="네 개의 좌표 연결 모양이 직사각형인 경우" classname="coordinateCalculator.domain.RectangleTest" time="0.002"/>
  <testcase name="[1] (11,10)-(22,10)-(22,18)-(10,18)" classname="coordinateCalculator.domain.RectangleTest" time="0.001"/>
  <testcase name="[2] (8,10)-(20,10)-(22,18)-(10,18)" classname="coordinateCalculator.domain.RectangleTest" time="0.001"/>
  <system-out><![CDATA[]]></system-out>
  <system-err><![CDATA[]]></system-err>
</testsuite>
