<?xml version="1.0" encoding="UTF-8"?>
<testsuite name="coordinateCalculator.domain.CoordinateTest" tests="2" skipped="0" failures="0" errors="0" timestamp="2021-12-19T11:26:48" hostname="an-yeong-yun-ui-MacBookAir.local" time="0.084">
  <properties/>
  <testcase name="[1] (0,9), 0, 9" classname="coordinateCalculator.domain.CoordinateTest" time="0.073"/>
  <testcase name="[2] (1,8), 1, 8" classname="coordinateCalculator.domain.CoordinateTest" time="0.003"/>
  <system-out><![CDATA[]]></system-out>
  <system-err><![CDATA[]]></system-err>
</testsuite>
