<?xml version="1.0" encoding="UTF-8"?>
<testsuite name="coordinateCalculator.view.InputViewTest" tests="1" skipped="0" failures="0" errors="0" timestamp="2021-12-28T06:45:14" hostname="an-yeong-yun-ui-MacBookAir.local" time="0.091">
  <properties/>
  <testcase name="입력값으로 점 생성하기" classname="coordinateCalculator.view.InputViewTest" time="0.091"/>
  <system-out><![CDATA[]]></system-out>
  <system-err><![CDATA[]]></system-err>
</testsuite>
