<?xml version="1.0" encoding="UTF-8"?>
<testsuite name="coordinateCalculator.domain.PointTest" tests="2" skipped="0" failures="0" errors="0" timestamp="2021-12-22T13:10:48" hostname="an-yeong-yun-ui-MacBookAir.local" time="0.007">
  <properties/>
  <testcase name="[1] (1,9), 1, 9" classname="coordinateCalculator.domain.PointTest" time="0.005"/>
  <testcase name="[2] (4,5), 4, 5" classname="coordinateCalculator.domain.PointTest" time="0.001"/>
  <system-out><![CDATA[]]></system-out>
  <system-err><![CDATA[]]></system-err>
</testsuite>
