<?xml version="1.0" encoding="UTF-8"?>
<testsuite name="coordinateCalculator.utils.ValidationUtilTest" tests="9" skipped="0" failures="0" errors="0" timestamp="2021-12-22T13:46:11" hostname="an-yeong-yun-ui-MacBookAir.local" time="0.124">
  <properties/>
  <testcase name="[1] (0,9)-(0,9)" classname="coordinateCalculator.utils.ValidationUtilTest" time="0.064"/>
  <testcase name="[2] (10,10)-(22,10)-(10,10)-(10,18)" classname="coordinateCalculator.utils.ValidationUtilTest" time="0.001"/>
  <testcase name="[3] (10,10)-(10,10)-(20,8)" classname="coordinateCalculator.utils.ValidationUtilTest" time="0.001"/>
  <testcase name="[1] (0,9)-(0,9)" classname="coordinateCalculator.utils.ValidationUtilTest" time="0.01"/>
  <testcase name="[2] (10,10)-(22,10)-(22,18)-(10,18)" classname="coordinateCalculator.utils.ValidationUtilTest" time="0.002"/>
  <testcase name="[3] (10,10)-(14,15)-(20,8)" classname="coordinateCalculator.utils.ValidationUtilTest" time="0.004"/>
  <testcase name="[1] (1,2)+(1,2)" classname="coordinateCalculator.utils.ValidationUtilTest" time="0.005"/>
  <testcase name="[2] (10,10)-(22,10)-(22,18)(10,18)" classname="coordinateCalculator.utils.ValidationUtilTest" time="0.001"/>
  <testcase name="[3] (10,10)(14,15)-(20,8)" classname="coordinateCalculator.utils.ValidationUtilTest" time="0.0"/>
  <system-out><![CDATA[]]></system-out>
  <system-err><![CDATA[]]></system-err>
</testsuite>
