<?xml version="1.0" encoding="UTF-8"?>
<testsuite name="coordinateCalculator.domain.FigureFactoryTest" tests="4" skipped="0" failures="0" errors="0" timestamp="2021-12-28T11:06:33" hostname="an-yeong-yun-ui-MacBookAir.local" time="0.013">
  <properties/>
  <testcase name="점 갯수가 유효하지 않을 경우 예외 발생" classname="coordinateCalculator.domain.FigureFactoryTest" time="0.003"/>
  <testcase name="삼각형 생성하기" classname="coordinateCalculator.domain.FigureFactoryTest" time="0.001"/>
  <testcase name="사각형 생성하기" classname="coordinateCalculator.domain.FigureFactoryTest" time="0.0"/>
  <testcase name="선 생성하기" classname="coordinateCalculator.domain.FigureFactoryTest" time="0.0"/>
  <system-out><![CDATA[]]></system-out>
  <system-err><![CDATA[]]></system-err>
</testsuite>
