<?xml version="1.0" encoding="UTF-8"?>
<testsuite name="fuelInjection.domain.AvanteTest" tests="2" skipped="0" failures="0" errors="0" timestamp="2021-11-23T15:40:23" hostname="an-yeong-yun-ui-MacBookAir.local" time="0.005">
  <properties/>
  <testcase name="필요한 연료량 문자열 반환 테스트" classname="fuelInjection.domain.AvanteTest" time="0.001"/>
  <testcase name="연료량 구하기" classname="fuelInjection.domain.AvanteTest" time="0.001"/>
  <system-out><![CDATA[]]></system-out>
  <system-err><![CDATA[]]></system-err>
</testsuite>
