<?xml version="1.0" encoding="UTF-8"?>
<testsuite name="coordinateCalculator.utils.ValidationUtilTest" tests="8" skipped="0" failures="0" errors="0" timestamp="2021-12-19T10:53:56" hostname="an-yeong-yun-ui-MacBookAir.local" time="0.11">
  <properties/>
  <testcase name="[1] (0,9)-(0,9)" classname="coordinateCalculator.utils.ValidationUtilTest" time="0.064"/>
  <testcase name="[2] (4,5)-(4,5)" classname="coordinateCalculator.utils.ValidationUtilTest" time="0.001"/>
  <testcase name="[1] (0,9)-(0,9)" classname="coordinateCalculator.utils.ValidationUtilTest" time="0.005"/>
  <testcase name="[2] (1,6)-(4,5)" classname="coordinateCalculator.utils.ValidationUtilTest" time="0.001"/>
  <testcase name="[1] (1,2)+(1,2)" classname="coordinateCalculator.utils.ValidationUtilTest" time="0.003"/>
  <testcase name="[2] (1,2 - 1,3)" classname="coordinateCalculator.utils.ValidationUtilTest" time="0.001"/>
  <testcase name="[3] 1 - 2" classname="coordinateCalculator.utils.ValidationUtilTest" time="0.002"/>
  <testcase name="[4] (1,3),(1,5)" classname="coordinateCalculator.utils.ValidationUtilTest" time="0.003"/>
  <system-out><![CDATA[]]></system-out>
  <system-err><![CDATA[]]></system-err>
</testsuite>
