<?xml version="1.0" encoding="UTF-8"?>
<testsuite name="coordinateCalculator.domain.LineTest" tests="1" skipped="0" failures="0" errors="0" timestamp="2021-12-22T13:10:48" hostname="an-yeong-yun-ui-MacBookAir.local" time="0.003">
  <properties/>
  <testcase name="두 좌표 사이 거리 계산" classname="coordinateCalculator.domain.LineTest" time="0.003"/>
  <system-out><![CDATA[]]></system-out>
  <system-err><![CDATA[]]></system-err>
</testsuite>
