<?xml version="1.0" encoding="UTF-8"?>
<testsuite name="coordinateCalculator.domain.ValueTest" tests="4" skipped="0" failures="0" errors="0" timestamp="2021-12-22T07:17:55" hostname="an-yeong-yun-ui-MacBookAir.local" time="0.01">
  <properties/>
  <testcase name="[1] 1" classname="coordinateCalculator.domain.ValueTest" time="0.001"/>
  <testcase name="[2] 24" classname="coordinateCalculator.domain.ValueTest" time="0.0"/>
  <testcase name="[1] 0" classname="coordinateCalculator.domain.ValueTest" time="0.001"/>
  <testcase name="[2] 25" classname="coordinateCalculator.domain.ValueTest" time="0.003"/>
  <system-out><![CDATA[]]></system-out>
  <system-err><![CDATA[]]></system-err>
</testsuite>
