<?xml version="1.0" encoding="UTF-8"?>
<testsuite name="coordinateCalculator.domain.FigureFactoryTest" tests="3" skipped="0" failures="0" errors="0" timestamp="2021-12-28T09:58:31" hostname="an-yeong-yun-ui-MacBookAir.local" time="0.105">
  <properties/>
  <testcase name="삼각형 생성하기" classname="coordinateCalculator.domain.FigureFactoryTest" time="0.093"/>
  <testcase name="사각형 생성하기" classname="coordinateCalculator.domain.FigureFactoryTest" time="0.004"/>
  <testcase name="선 생성하기" classname="coordinateCalculator.domain.FigureFactoryTest" time="0.001"/>
  <system-out><![CDATA[]]></system-out>
  <system-err><![CDATA[]]></system-err>
</testsuite>
