<?xml version="1.0" encoding="UTF-8"?>
<testsuite name="coordinateCalculator.domain.FigureFactoryTest" tests="4" skipped="0" failures="0" errors="0" timestamp="2021-12-28T10:15:27" hostname="an-yeong-yun-ui-MacBookAir.local" time="0.125">
  <properties/>
  <testcase name="점 갯수가 유효하지 않을 경우 예외 발생" classname="coordinateCalculator.domain.FigureFactoryTest" time="0.109"/>
  <testcase name="삼각형 생성하기" classname="coordinateCalculator.domain.FigureFactoryTest" time="0.002"/>
  <testcase name="사각형 생성하기" classname="coordinateCalculator.domain.FigureFactoryTest" time="0.004"/>
  <testcase name="선 생성하기" classname="coordinateCalculator.domain.FigureFactoryTest" time="0.002"/>
  <system-out><![CDATA[]]></system-out>
  <system-err><![CDATA[]]></system-err>
</testsuite>
