<?xml version="1.0" encoding="UTF-8"?>
<testsuite name="coordinateCalculator.domain.RectangleTest" tests="3" skipped="0" failures="0" errors="0" timestamp="2021-12-26T11:54:59" hostname="an-yeong-yun-ui-MacBookAir.local" time="0.109">
  <properties/>
  <testcase name="직사각형 넓이 구하기" classname="coordinateCalculator.domain.RectangleTest" time="0.095"/>
  <testcase name="점이 세 개일 경우 예외 발생" classname="coordinateCalculator.domain.RectangleTest" time="0.005"/>
  <testcase name="점이 다섯 개일 경우 예외 발생" classname="coordinateCalculator.domain.RectangleTest" time="0.004"/>
  <system-out><![CDATA[]]></system-out>
  <system-err><![CDATA[]]></system-err>
</testsuite>
