<?xml version="1.0" encoding="UTF-8"?>
<testsuite name="coordinateCalculator.domain.RectangleTest" tests="1" skipped="0" failures="0" errors="0" timestamp="2021-12-26T11:37:37" hostname="an-yeong-yun-ui-MacBookAir.local" time="0.102">
  <properties/>
  <testcase name="직사각형 넓이 구하기" classname="coordinateCalculator.domain.RectangleTest" time="0.102"/>
  <system-out><![CDATA[]]></system-out>
  <system-err><![CDATA[]]></system-err>
</testsuite>
