<?xml version="1.0" encoding="UTF-8"?>
<testsuite name="coordinateCalculator.domain.LineTest" tests="1" skipped="0" failures="0" errors="0" timestamp="2021-12-26T08:04:14" hostname="an-yeong-yun-ui-MacBookAir.local" time="0.095">
  <properties/>
  <testcase name="선 길이 구하기" classname="coordinateCalculator.domain.LineTest" time="0.095"/>
  <system-out><![CDATA[]]></system-out>
  <system-err><![CDATA[]]></system-err>
</testsuite>
