<?xml version="1.0" encoding="UTF-8"?>
<testsuite name="coordinateCalculator.domain.PointsTest" tests="2" skipped="0" failures="0" errors="0" timestamp="2021-12-22T08:17:14" hostname="an-yeong-yun-ui-MacBookAir.local" time="0.007">
  <properties/>
  <testcase name="[1] (10,10)-(22,10)-(22,18)-(10,18), true" classname="coordinateCalculator.domain.PointsTest" time="0.004"/>
  <testcase name="[2] (11,10)-(22,10)-(22,18)-(10,18), false" classname="coordinateCalculator.domain.PointsTest" time="0.0"/>
  <system-out><![CDATA[]]></system-out>
  <system-err><![CDATA[]]></system-err>
</testsuite>
