<?xml version="1.0" encoding="UTF-8"?>
<testsuite name="fuelInjection.domain.CompanyTest" tests="1" skipped="0" failures="0" errors="0" timestamp="2021-11-23T15:40:23" hostname="an-yeong-yun-ui-MacBookAir.local" time="0.004">
  <properties/>
  <testcase name="report()" classname="fuelInjection.domain.CompanyTest" time="0.004"/>
  <system-out><![CDATA[]]></system-out>
  <system-err><![CDATA[]]></system-err>
</testsuite>
