<?xml version="1.0" encoding="UTF-8"?>
<testsuite name="blackJack.domain.DealerTest" tests="2" skipped="0" failures="0" errors="0" timestamp="2022-01-06T11:24:46" hostname="an-yeong-yun-ui-MacBookAir.local" time="0.006">
  <properties/>
  <testcase name="이름 반환" classname="blackJack.domain.DealerTest" time="0.003"/>
  <testcase name="딜러 보유 카드 문자열 리스트로 반환" classname="blackJack.domain.DealerTest" time="0.002"/>
  <system-out><![CDATA[]]></system-out>
  <system-err><![CDATA[]]></system-err>
</testsuite>
