<?xml version="1.0" encoding="UTF-8"?>
<testsuite name="blackJack.domain.DealerTest" tests="2" skipped="0" failures="0" errors="0" timestamp="2022-01-06T08:32:30" hostname="an-yeong-yun-ui-MacBookAir.local" time="0.117">
  <properties/>
  <testcase name="이름 반환" classname="blackJack.domain.DealerTest" time="0.099"/>
  <testcase name="딜러 보유 카드 문자열로 반환" classname="blackJack.domain.DealerTest" time="0.01"/>
  <system-out><![CDATA[]]></system-out>
  <system-err><![CDATA[]]></system-err>
</testsuite>
