<?xml version="1.0" encoding="UTF-8"?>
<testsuite name="blackJack.veiw.InputViewTest" tests="7" skipped="0" failures="0" errors="0" timestamp="2022-01-03T12:50:16" hostname="an-yeong-yun-ui-MacBookAir.local" time="0.257">
  <properties/>
  <testcase name="이름 입력값의 유효한 양식일 경우" classname="blackJack.veiw.InputViewTest" time="0.081"/>
  <testcase name="이름 중복 체크" classname="blackJack.veiw.InputViewTest" time="0.046"/>
  <testcase name="[1] jadal" classname="blackJack.veiw.InputViewTest" time="0.023"/>
  <testcase name="[2] jadal:jayho" classname="blackJack.veiw.InputViewTest" time="0.003"/>
  <testcase name="[3] jadal.jayho" classname="blackJack.veiw.InputViewTest" time="0.005"/>
  <testcase name="[4] jadal;jayho" classname="blackJack.veiw.InputViewTest" time="0.006"/>
  <testcase name="입력값으로 플레이어 생성" classname="blackJack.veiw.InputViewTest" time="0.022"/>
  <system-out><![CDATA[]]></system-out>
  <system-err><![CDATA[]]></system-err>
</testsuite>
