<?xml version="1.0" encoding="UTF-8"?>
<testsuite name="blackJack.veiw.InputViewTest" tests="7" skipped="0" failures="0" errors="0" timestamp="2022-01-03T12:20:23" hostname="an-yeong-yun-ui-MacBookAir.local" time="0.207">
  <properties/>
  <testcase name="유효한 양식" classname="blackJack.veiw.InputViewTest" time="0.066"/>
  <testcase name="이름 중복 체크" classname="blackJack.veiw.InputViewTest" time="0.041"/>
  <testcase name="[1] jadal" classname="blackJack.veiw.InputViewTest" time="0.022"/>
  <testcase name="[2] jadal:jayho" classname="blackJack.veiw.InputViewTest" time="0.003"/>
  <testcase name="[3] jadal.jayho" classname="blackJack.veiw.InputViewTest" time="0.002"/>
  <testcase name="[4] jadal;jayho" classname="blackJack.veiw.InputViewTest" time="0.004"/>
  <testcase name="입력값으로 플레이어 생성" classname="blackJack.veiw.InputViewTest" time="0.011"/>
  <system-out><![CDATA[]]></system-out>
  <system-err><![CDATA[]]></system-err>
</testsuite>
