<?xml version="1.0" encoding="UTF-8"?>
<testsuite name="blackJack.domain.PlayerTest" tests="1" skipped="0" failures="0" errors="0" timestamp="2022-01-03T19:23:16" hostname="an-yeong-yun-ui-MacBookAir.local" time="0.005">
  <properties/>
  <testcase name="이름 반환" classname="blackJack.domain.PlayerTest" time="0.005"/>
  <system-out><![CDATA[]]></system-out>
  <system-err><![CDATA[]]></system-err>
</testsuite>
