<?xml version="1.0" encoding="UTF-8"?>
<testsuite name="blackJack.domain.BettingAmountTest" tests="4" skipped="0" failures="0" errors="0" timestamp="2022-01-03T19:23:16" hostname="an-yeong-yun-ui-MacBookAir.local" time="0.02">
  <properties/>
  <testcase name="[1] 0" classname="blackJack.domain.BettingAmountTest" time="0.003"/>
  <testcase name="[2] 1" classname="blackJack.domain.BettingAmountTest" time="0.001"/>
  <testcase name="[3] 9" classname="blackJack.domain.BettingAmountTest" time="0.001"/>
  <testcase name="[4] 10001" classname="blackJack.domain.BettingAmountTest" time="0.001"/>
  <system-out><![CDATA[]]></system-out>
  <system-err><![CDATA[]]></system-err>
</testsuite>
