<?xml version="1.0" encoding="UTF-8"?>
<testsuite name="blackJack.veiw.InputViewTest" tests="11" skipped="0" failures="0" errors="0" timestamp="2022-01-06T11:24:46" hostname="an-yeong-yun-ui-MacBookAir.local" time="0.17">
  <properties/>
  <testcase name="이름 입력값의 유효한 양식일 경우" classname="blackJack.veiw.InputViewTest" time="0.026"/>
  <testcase name="이름 중복 체크" classname="blackJack.veiw.InputViewTest" time="0.032"/>
  <testcase name="[1] jadal" classname="blackJack.veiw.InputViewTest" time="0.016"/>
  <testcase name="[2] jadal:jayho" classname="blackJack.veiw.InputViewTest" time="0.0"/>
  <testcase name="[3] jadal.jayho" classname="blackJack.veiw.InputViewTest" time="0.001"/>
  <testcase name="[4] jadal;jayho" classname="blackJack.veiw.InputViewTest" time="0.001"/>
  <testcase name="입력값으로 플레이어 생성" classname="blackJack.veiw.InputViewTest" time="0.009"/>
  <testcase name="[1] 100o" classname="blackJack.veiw.InputViewTest" time="0.011"/>
  <testcase name="[2] 1000," classname="blackJack.veiw.InputViewTest" time="0.001"/>
  <testcase name="[3] 1000l" classname="blackJack.veiw.InputViewTest" time="0.0"/>
  <testcase name="[4] " classname="blackJack.veiw.InputViewTest" time="0.001"/>
  <system-out><![CDATA[]]></system-out>
  <system-err><![CDATA[]]></system-err>
</testsuite>
