<?xml version="1.0" encoding="UTF-8"?>
<testsuite name="blackJack.veiw.InputViewTest" tests="4" skipped="0" failures="0" errors="0" timestamp="2022-01-06T11:34:02" hostname="an-yeong-yun-ui-MacBookAir.local" time="0.085">
  <properties/>
  <testcase name="[1] nn" classname="blackJack.veiw.InputViewTest" time="0.074"/>
  <testcase name="[2] yn," classname="blackJack.veiw.InputViewTest" time="0.001"/>
  <testcase name="[3] yy" classname="blackJack.veiw.InputViewTest" time="0.0"/>
  <testcase name="[4] " classname="blackJack.veiw.InputViewTest" time="0.002"/>
  <system-out><![CDATA[]]></system-out>
  <system-err><![CDATA[]]></system-err>
</testsuite>
