<?xml version="1.0" encoding="UTF-8"?>
<testsuite name="blackJack.domain.DeckTest" tests="5" skipped="0" failures="0" errors="0" timestamp="2022-01-06T08:05:08" hostname="an-yeong-yun-ui-MacBookAir.local" time="0.162">
  <properties/>
  <testcase name="카드 두장 뽑기" classname="blackJack.domain.DeckTest" time="0.086"/>
  <testcase name="카드 한장 뽑기" classname="blackJack.domain.DeckTest" time="0.001"/>
  <testcase name="카드 생성" classname="blackJack.domain.DeckTest" time="0.003"/>
  <testcase name="[1] 0" classname="blackJack.domain.DeckTest" time="0.026"/>
  <testcase name="[2] 53" classname="blackJack.domain.DeckTest" time="0.002"/>
  <system-out><![CDATA[]]></system-out>
  <system-err><![CDATA[]]></system-err>
</testsuite>
