<?xml version="1.0" encoding="UTF-8"?>
<testsuite name="blackJack.veiw.InputViewTest" tests="2" skipped="0" failures="0" errors="0" timestamp="2022-01-03T10:58:11" hostname="an-yeong-yun-ui-MacBookAir.local" time="0.104">
  <properties/>
  <testcase name="이름 중복 체크" classname="blackJack.veiw.InputViewTest" time="0.091"/>
  <testcase name="입력값으로 플레이어 생성" classname="blackJack.veiw.InputViewTest" time="0.01"/>
  <system-out><![CDATA[]]></system-out>
  <system-err><![CDATA[]]></system-err>
</testsuite>
