<?xml version="1.0" encoding="UTF-8"?>
<testsuite name="blackJack.domain.DeckTest" tests="3" skipped="0" failures="0" errors="0" timestamp="2022-01-05T11:16:18" hostname="an-yeong-yun-ui-MacBookAir.local" time="0.108">
  <properties/>
  <testcase name="카드 두장 뽑기" classname="blackJack.domain.DeckTest" time="0.093"/>
  <testcase name="카드 한장 뽑기" classname="blackJack.domain.DeckTest" time="0.002"/>
  <testcase name="카드 생성" classname="blackJack.domain.DeckTest" time="0.007"/>
  <system-out><![CDATA[]]></system-out>
  <system-err><![CDATA[]]></system-err>
</testsuite>
