<?xml version="1.0" encoding="UTF-8"?>
<testsuite name="blackJack.domain.DeckTest" tests="5" skipped="0" failures="0" errors="0" timestamp="2022-01-06T15:39:18" hostname="an-yeong-yun-ui-MacBookAir.local" time="0.028">
  <properties/>
  <testcase name="카드 두장 뽑기" classname="blackJack.domain.DeckTest" time="0.008"/>
  <testcase name="카드 한장 뽑기" classname="blackJack.domain.DeckTest" time="0.001"/>
  <testcase name="카드 생성" classname="blackJack.domain.DeckTest" time="0.005"/>
  <testcase name="[1] 0" classname="blackJack.domain.DeckTest" time="0.004"/>
  <testcase name="[2] 53" classname="blackJack.domain.DeckTest" time="0.0"/>
  <system-out><![CDATA[]]></system-out>
  <system-err><![CDATA[]]></system-err>
</testsuite>
