<?xml version="1.0" encoding="UTF-8"?>
<testsuite name="blackJack.domain.CardTest" tests="2" skipped="0" failures="0" errors="0" timestamp="2022-01-06T10:15:03" hostname="an-yeong-yun-ui-MacBookAir.local" time="0.007">
  <properties/>
  <testcase name="서로 다른 카드 비교" classname="blackJack.domain.CardTest" time="0.004"/>
  <testcase name="같은 카드 비교" classname="blackJack.domain.CardTest" time="0.002"/>
  <system-out><![CDATA[]]></system-out>
  <system-err><![CDATA[]]></system-err>
</testsuite>
