<?xml version="1.0" encoding="UTF-8"?>
<testsuite name="baseball.NosTest" tests="1" skipped="0" failures="0" errors="0" timestamp="2021-11-21T10:04:49" hostname="an-yeong-yun-ui-MacBookAir.local" time="0.089">
  <properties/>
  <testcase name="1스트라이크 1볼 테스트" classname="baseball.NosTest" time="0.089"/>
  <system-out><![CDATA[1스트라이크 1볼 
]]></system-out>
  <system-err><![CDATA[]]></system-err>
</testsuite>
