<?xml version="1.0" encoding="UTF-8"?>
<testsuite name="FormatUtilTest" tests="1" skipped="0" failures="0" errors="0" timestamp="2021-11-18T15:23:43" hostname="an-yeong-yun-ui-MacBookAir.local" time="0.107">
  <properties/>
  <testcase name="문자열 List&lt;Integer&gt;형으로 변환 테스트" classname="FormatUtilTest" time="0.107"/>
  <system-out><![CDATA[]]></system-out>
  <system-err><![CDATA[]]></system-err>
</testsuite>
