<?xml version="1.0" encoding="UTF-8"?>
<testsuite name="ScoreTest" tests="20" skipped="0" failures="0" errors="0" timestamp="2021-11-18T14:50:24" hostname="an-yeong-yun-ui-MacBookAir.local" time="0.177">
  <properties/>
  <testcase name="[1] 123, 123, 3스트라이크" classname="ScoreTest" time="0.087"/>
  <testcase name="[2] 123, 132, 2볼,1스트라이크" classname="ScoreTest" time="0.004"/>
  <testcase name="[3] 123, 167, 1스트라이크" classname="ScoreTest" time="0.001"/>
  <testcase name="[4] 123, 256, 1볼" classname="ScoreTest" time="0.003"/>
  <testcase name="[5] 123, 456, 낫싱" classname="ScoreTest" time="0.003"/>
  <testcase name="[6] 123, 789, 낫싱" classname="ScoreTest" time="0.0"/>
  <testcase name="[1] 123, 123, 3" classname="ScoreTest" time="0.005"/>
  <testcase name="[2] 123, 923, 2" classname="ScoreTest" time="0.0"/>
  <testcase name="[3] 123, 145, 1" classname="ScoreTest" time="0.003"/>
  <testcase name="[4] 123, 456, 0" classname="ScoreTest" time="0.0"/>
  <testcase name="[1] 123, 123, 0" classname="ScoreTest" time="0.0"/>
  <testcase name="[2] 123, 316, 2" classname="ScoreTest" time="0.004"/>
  <testcase name="[3] 456, 765, 2" classname="ScoreTest" time="0.0"/>
  <testcase name="[4] 456, 789, 0" classname="ScoreTest" time="0.0"/>
  <testcase name="[5] 123, 345, 1" classname="ScoreTest" time="0.001"/>
  <testcase name="[1] 123, 456, 1" classname="ScoreTest" time="0.001"/>
  <testcase name="[2] 123, 123, 0" classname="ScoreTest" time="0.002"/>
  <testcase name="[3] 123, 345, 0" classname="ScoreTest" time="0.001"/>
  <testcase name="[4] 567, 765, 0" classname="ScoreTest" time="0.003"/>
  <testcase name="[5] 456, 789, 1" classname="ScoreTest" time="0.0"/>
  <system-out><![CDATA[]]></system-out>
  <system-err><![CDATA[]]></system-err>
</testsuite>
