<?xml version="1.0" encoding="UTF-8"?>
<testsuite name="ScoreTest" tests="14" skipped="0" failures="0" errors="0" timestamp="2021-11-18T13:00:49" hostname="an-yeong-yun-ui-MacBookAir.local" time="0.16">
  <properties/>
  <testcase name="[1] 123, 123, 3" classname="ScoreTest" time="0.085"/>
  <testcase name="[2] 123, 923, 2" classname="ScoreTest" time="0.001"/>
  <testcase name="[3] 123, 145, 1" classname="ScoreTest" time="0.005"/>
  <testcase name="[4] 123, 456, 0" classname="ScoreTest" time="0.001"/>
  <testcase name="[1] 123, 123, 0" classname="ScoreTest" time="0.005"/>
  <testcase name="[2] 123, 316, 2" classname="ScoreTest" time="0.001"/>
  <testcase name="[3] 456, 765, 2" classname="ScoreTest" time="0.0"/>
  <testcase name="[4] 456, 789, 0" classname="ScoreTest" time="0.007"/>
  <testcase name="[5] 123, 345, 1" classname="ScoreTest" time="0.0"/>
  <testcase name="[1] 123, 456, 1" classname="ScoreTest" time="0.001"/>
  <testcase name="[2] 123, 123, 0" classname="ScoreTest" time="0.0"/>
  <testcase name="[3] 123, 345, 0" classname="ScoreTest" time="0.001"/>
  <testcase name="[4] 567, 765, 0" classname="ScoreTest" time="0.001"/>
  <testcase name="[5] 456, 789, 1" classname="ScoreTest" time="0.001"/>
  <system-out><![CDATA[]]></system-out>
  <system-err><![CDATA[]]></system-err>
</testsuite>
