<?xml version="1.0" encoding="UTF-8"?>
<testsuite name="GameManagerTest" tests="4" skipped="0" failures="0" errors="0" timestamp="2021-11-18T16:57:18" hostname="an-yeong-yun-ui-MacBookAir.local" time="0.086">
  <properties/>
  <testcase name="[1] 3스트라이크, true" classname="GameManagerTest" time="0.064"/>
  <testcase name="[2] 1스트라이크, false" classname="GameManagerTest" time="0.002"/>
  <testcase name="[3] 1볼, false" classname="GameManagerTest" time="0.003"/>
  <testcase name="[4] 낫싱, false" classname="GameManagerTest" time="0.0"/>
  <system-out><![CDATA[]]></system-out>
  <system-err><![CDATA[]]></system-err>
</testsuite>
