<?xml version="1.0" encoding="UTF-8"?>
<testsuite name="GameManagerTest" tests="2" skipped="0" failures="0" errors="0" timestamp="2021-11-18T17:22:01" hostname="an-yeong-yun-ui-MacBookAir.local" time="0.082">
  <properties/>
  <testcase name="[1] 1, true" classname="GameManagerTest" time="0.074"/>
  <testcase name="[2] 2, false" classname="GameManagerTest" time="0.001"/>
  <system-out><![CDATA[]]></system-out>
  <system-err><![CDATA[]]></system-err>
</testsuite>
