<?xml version="1.0" encoding="UTF-8"?>
<testsuite name="NumberUtilTest" tests="3" skipped="0" failures="0" errors="0" timestamp="2021-11-17T19:29:45" hostname="an-yeong-yun-ui-MacBookAir.local" time="0.105">
  <properties/>
  <testcase name="[1] 000, 123" classname="NumberUtilTest" time="0.092"/>
  <testcase name="[2] 123, 246" classname="NumberUtilTest" time="0.0"/>
  <testcase name="[3] 876, 987" classname="NumberUtilTest" time="0.006"/>
  <system-out><![CDATA[]]></system-out>
  <system-err><![CDATA[]]></system-err>
</testsuite>
