<?xml version="1.0" encoding="UTF-8"?>
<testsuite name="baseball.NoTest" tests="3" skipped="0" failures="0" errors="0" timestamp="2021-11-20T20:24:45" hostname="an-yeong-yun-ui-MacBookAir.local" time="0.103">
  <properties/>
  <testcase name="볼 테스트" classname="baseball.NoTest" time="0.095"/>
  <testcase name="스트라이크 테스트" classname="baseball.NoTest" time="0.001"/>
  <testcase name="낫싱 테스트" classname="baseball.NoTest" time="0.0"/>
  <system-out><![CDATA[]]></system-out>
  <system-err><![CDATA[]]></system-err>
</testsuite>
