<?xml version="1.0" encoding="UTF-8"?>
<testsuite name="GameManagerTest" tests="2" skipped="0" failures="0" errors="0" timestamp="2021-11-18T17:14:28" hostname="an-yeong-yun-ui-MacBookAir.local" time="0.083">
  <properties/>
  <testcase name="[1] 1, true" classname="GameManagerTest" time="0.071"/>
  <testcase name="[2] 2, false" classname="GameManagerTest" time="0.008"/>
  <system-out><![CDATA[]]></system-out>
  <system-err><![CDATA[]]></system-err>
</testsuite>
