<?xml version="1.0" encoding="UTF-8"?>
<testsuite name="stringAddCalc.StringAddCalcTest" tests="1" skipped="0" failures="0" errors="0" timestamp="2021-11-22T04:51:56" hostname="an-yeong-yun-ui-MacBookAir.local" time="0.082">
  <properties/>
  <testcase name="빈 문자열, null일 경우 0을 반환" classname="stringAddCalc.StringAddCalcTest" time="0.082"/>
  <system-out><![CDATA[]]></system-out>
  <system-err><![CDATA[]]></system-err>
</testsuite>
