<?xml version="1.0" encoding="UTF-8"?>
<testsuite name="OperatorTest" tests="1" skipped="0" failures="0" errors="0" timestamp="2021-11-15T07:25:18" hostname="an-yeong-yun-ui-MacBookAir.local" time="0.068">
  <properties/>
  <testcase name="문자와 Operator 맵핑 테스트" classname="OperatorTest" time="0.068"/>
  <system-out><![CDATA[]]></system-out>
  <system-err><![CDATA[]]></system-err>
</testsuite>
