<?xml version="1.0" encoding="UTF-8"?>
<testsuite name="CalcUtilTest" tests="2" skipped="0" failures="0" errors="0" timestamp="2021-11-15T07:41:44" hostname="an-yeong-yun-ui-MacBookAir.local" time="0.113">
  <properties/>
  <testcase name="입력값중 숫자만 뽑아서 배열생성" classname="CalcUtilTest" time="0.105"/>
  <testcase name="입력값중 연산자만 뽑아서 배열생성" classname="CalcUtilTest" time="0.004"/>
  <system-out><![CDATA[]]></system-out>
  <system-err><![CDATA[]]></system-err>
</testsuite>
