<?xml version="1.0" encoding="UTF-8"?>
<testsuite name="StringCalcTest" tests="4" skipped="0" failures="0" errors="0" timestamp="2021-11-15T19:55:29" hostname="an-yeong-yun-ui-MacBookAir.local" time="0.113">
  <properties/>
  <testcase name="[1] 0  +0, 0" classname="StringCalcTest" time="0.089"/>
  <testcase name="[2] 1+ 2  - 3/2*2, 0" classname="StringCalcTest" time="0.003"/>
  <testcase name="[3] 100+1 0 0 -100*5/2, 250" classname="StringCalcTest" time="0.002"/>
  <testcase name="[4] 10-10+1000/2*5, 2500" classname="StringCalcTest" time="0.003"/>
  <system-out><![CDATA[]]></system-out>
  <system-err><![CDATA[]]></system-err>
</testsuite>
