<?xml version="1.0" encoding="UTF-8"?>
<testsuite name="ValidationUtilTest" tests="13" skipped="0" failures="0" errors="0" timestamp="2021-11-15T11:20:55" hostname="an-yeong-yun-ui-MacBookAir.local" time="0.202">
  <properties/>
  <testcase name="입력값 마지막이 숫자일 경우" classname="ValidationUtilTest" time="0.062"/>
  <testcase name="[1] 11+" classname="ValidationUtilTest" time="0.051"/>
  <testcase name="[2] 1-" classname="ValidationUtilTest" time="0.004"/>
  <testcase name="[3] 1-1-" classname="ValidationUtilTest" time="0.0"/>
  <testcase name="입력값중 사칙연산자이외의 연산자가 없는 경우" classname="ValidationUtilTest" time="0.0"/>
  <testcase name="[1] 1%1" classname="ValidationUtilTest" time="0.003"/>
  <testcase name="[2] 2!2" classname="ValidationUtilTest" time="0.001"/>
  <testcase name="[3] 2+3=5" classname="ValidationUtilTest" time="0.001"/>
  <testcase name="입력값 첫번째가 숫자일 경우" classname="ValidationUtilTest" time="0.001"/>
  <testcase name="[1] +11" classname="ValidationUtilTest" time="0.002"/>
  <testcase name="[2] -1" classname="ValidationUtilTest" time="0.0"/>
  <testcase name="[3] -" classname="ValidationUtilTest" time="0.002"/>
  <testcase name="[4] *9" classname="ValidationUtilTest" time="0.001"/>
  <system-out><![CDATA[]]></system-out>
  <system-err><![CDATA[]]></system-err>
</testsuite>
