<?xml version="1.0" encoding="UTF-8"?>
<testsuite name="OperatorTest" tests="4" skipped="0" failures="0" errors="0" timestamp="2021-11-15T07:00:50" hostname="an-yeong-yun-ui-MacBookAir.local" time="0.105">
  <properties/>
  <testcase name="[1] PLUS" classname="OperatorTest" time="0.08"/>
  <testcase name="[2] MINUS" classname="OperatorTest" time="0.004"/>
  <testcase name="[3] MULTIPLY" classname="OperatorTest" time="0.002"/>
  <testcase name="[4] DIVIDE" classname="OperatorTest" time="0.001"/>
  <system-out><![CDATA[]]></system-out>
  <system-err><![CDATA[]]></system-err>
</testsuite>
