<?xml version="1.0" encoding="UTF-8"?>
<testsuite name="StringCalcTest" tests="1" skipped="0" failures="0" errors="0" timestamp="2021-11-15T08:49:29" hostname="an-yeong-yun-ui-MacBookAir.local" time="0.082">
  <properties/>
  <testcase name="싱글톤패턴 테스트" classname="StringCalcTest" time="0.082"/>
  <system-out><![CDATA[]]></system-out>
  <system-err><![CDATA[]]></system-err>
</testsuite>
